0 info it worked if it ends with ok
1 verbose cli [ '/usr/local/bin/node', '/usr/local/bin/npm', 'start' ]
2 info using npm@4.1.2
3 info using node@v6.7.0
4 verbose run-script [ 'prestart', 'start', 'poststart' ]
5 info lifecycle basic-vue@0.1.0~prestart: basic-vue@0.1.0
6 silly lifecycle basic-vue@0.1.0~prestart: no script for prestart, continuing
7 info lifecycle basic-vue@0.1.0~start: basic-vue@0.1.0
8 verbose lifecycle basic-vue@0.1.0~start: unsafe-perm in lifecycle true
9 verbose lifecycle basic-vue@0.1.0~start: PATH: /usr/local/lib/node_modules/npm/bin/node-gyp-bin:/Users/bryanrankin/projects/starters/basic-vue/node_modules/.bin:/Library/Java/JavaVirtualMachines/jdk1.8.0_121.jdk/Contents/Home/bin:/Users/bryanrankin/.rbenv/shims:/Users/bryanrankin/.rbenv/shims:/Library/Frameworks/Python.framework/Versions/3.5/bin:/usr/local/bin:/usr/bin:/bin:/usr/sbin:/sbin:/opt/X11/bin:/Users/bryanrankin/go/bineval:/Users/bryanrankin/Library/Android/sdk/tools:/Users/bryanrankin/Library/Android/sdk/platform-tools
10 verbose lifecycle basic-vue@0.1.0~start: CWD: /Users/bryanrankin/projects/starters/basic-vue
11 silly lifecycle basic-vue@0.1.0~start: Args: [ '-c', 'browsersync' ]
12 info lifecycle basic-vue@0.1.0~start: Failed to exec start script
13 verbose stack Error: basic-vue@0.1.0 start: `browsersync`
13 verbose stack spawn ENOENT
13 verbose stack     at ChildProcess.<anonymous> (/usr/local/lib/node_modules/npm/lib/utils/spawn.js:33:16)
13 verbose stack     at emitTwo (events.js:106:13)
13 verbose stack     at ChildProcess.emit (events.js:191:7)
13 verbose stack     at maybeClose (internal/child_process.js:877:16)
13 verbose stack     at Process.ChildProcess._handle.onexit (internal/child_process.js:226:5)
14 verbose pkgid basic-vue@0.1.0
15 verbose cwd /Users/bryanrankin/projects/starters/basic-vue
16 error Darwin 16.3.0
17 error argv "/usr/local/bin/node" "/usr/local/bin/npm" "start"
18 error node v6.7.0
19 error npm  v4.1.2
20 error file sh
21 error code ELIFECYCLE
22 error errno ENOENT
23 error syscall spawn
24 error basic-vue@0.1.0 start: `browsersync`
24 error spawn ENOENT
25 error Failed at the basic-vue@0.1.0 start script 'browsersync'.
25 error Make sure you have the latest version of node.js and npm installed.
25 error If you do, this is most likely a problem with the basic-vue package,
25 error not with npm itself.
25 error Tell the author that this fails on your system:
25 error     browsersync
25 error You can get information on how to open an issue for this project with:
25 error     npm bugs basic-vue
25 error Or if that isn't available, you can get their info via:
25 error     npm owner ls basic-vue
25 error There is likely additional logging output above.
26 verbose exit [ 1, true ]
